optseq2
$Id: optseq2.c,v 2.14 2008/03/10 13:35:23 nicks Exp $
NoSearch  = 0
nSearch  = 10000
nKeep    = 30
PctUpdate  = 10.000000
nCB1Opt  = 0
seed     = 514364
Ntp  = 150
TR   = 2.5
TPreScan   = 0
PSD Window   = 0 20 2.5
nEvTypes = 4
EvNo    Label Duration nRepsNom
 1       SVOZ  7.500    8
 2       SZVO  7.500    8
 3         ZM  7.500   16
 4        FIL  7.500    8
PctVarEvReps = 0
VarEvRepsPerCond = 0
PolyOrder = -1
tNullMax = -1
tNullMin = 0
AR1 = 0
No refractory penalty
Cost = eff
OutStem = SLI
Summary File = SLI.sum

Pct nSrch MinSrch Cost Eff Cb1Err VRFAvg VRFStd VRFMin VRFMax VRFRange nSince

BeginUpdateLog
 0       3     0.0   0.317858  0.317858  0.5469  2.54842  0.126839  2.38914  2.72328  0.334135 349.453 0
 0      48     0.0   0.32684  0.32684  0.2324  2.62399  0.165285  2.38125  2.87597  0.494716 346.867 0
 0      48     0.0   0.32684  0.32684  0.2324  2.62399  0.165285  2.38125  2.87597  0.494716 346.867 0
 0      49     0.0   0.32684  0.32684  0.2324  2.62399  0.165285  2.38125  2.87597  0.494716 346.867 0
 0      49     0.0   0.329733  0.329733  0.4180  2.64901  0.181883  2.38275  2.89294  0.510188 352.16 0
 0      50     0.0   0.329733  0.329733  0.4180  2.64901  0.181883  2.38275  2.89294  0.510188 352.16 0
 0      50     0.0   0.329733  0.329733  0.4180  2.64901  0.181883  2.38275  2.89294  0.510188 352.16 0
 0      54     0.0   0.329733  0.329733  0.4180  2.64901  0.181883  2.38275  2.89294  0.510188 352.16 0
 0      54     0.0   0.329733  0.329733  0.4180  2.64901  0.181883  2.38275  2.89294  0.510188 352.16 0
 0      55     0.0   0.329733  0.329733  0.4180  2.64901  0.181883  2.38275  2.89294  0.510188 352.16 0
 0      55     0.0   0.329733  0.329733  0.4180  2.64901  0.181883  2.38275  2.89294  0.510188 352.16 0
 0      56     0.0   0.329733  0.329733  0.4180  2.64901  0.181883  2.38275  2.89294  0.510188 352.16 0
 0      56     0.0   0.329733  0.329733  0.4180  2.64901  0.181883  2.38275  2.89294  0.510188 352.16 0
 0      58     0.0   0.329733  0.329733  0.4180  2.64901  0.181883  2.38275  2.89294  0.510188 352.16 0
 0      58     0.0   0.329733  0.329733  0.4180  2.64901  0.181883  2.38275  2.89294  0.510188 352.16 0
 0      59     0.0   0.329733  0.329733  0.4180  2.64901  0.181883  2.38275  2.89294  0.510188 352.16 0
 0      59     0.0   0.329733  0.329733  0.4180  2.64901  0.181883  2.38275  2.89294  0.510188 352.16 0
 0      60     0.0   0.329733  0.329733  0.4180  2.64901  0.181883  2.38275  2.89294  0.510188 352.16 0
 0      60     0.0   0.329733  0.329733  0.4180  2.64901  0.181883  2.38275  2.89294  0.510188 352.16 0
 0      61     0.0   0.329733  0.329733  0.4180  2.64901  0.181883  2.38275  2.89294  0.510188 352.16 0
 0      61     0.0   0.329733  0.329733  0.4180  2.64901  0.181883  2.38275  2.89294  0.510188 352.16 0
 0      65     0.0   0.329733  0.329733  0.4180  2.64901  0.181883  2.38275  2.89294  0.510188 352.16 2
 0      65     0.0   0.329733  0.329733  0.4180  2.64901  0.181883  2.38275  2.89294  0.510188 352.16 0
 0      66     0.0   0.329733  0.329733  0.4180  2.64901  0.181883  2.38275  2.89294  0.510188 352.16 0
 0      66     0.0   0.329733  0.329733  0.4180  2.64901  0.181883  2.38275  2.89294  0.510188 352.16 0
 0      67     0.0   0.329733  0.329733  0.4180  2.64901  0.181883  2.38275  2.89294  0.510188 352.16 0
 0      67     0.0   0.335865  0.335865  0.3516  2.69608  0.165636  2.3997  2.89515  0.495443 381.4 0
 0      68     0.0   0.335865  0.335865  0.3516  2.69608  0.165636  2.3997  2.89515  0.495443 381.4 0
 0      68     0.0   0.335865  0.335865  0.3516  2.69608  0.165636  2.3997  2.89515  0.495443 381.4 0
 0      70     0.0   0.335865  0.335865  0.3516  2.69608  0.165636  2.3997  2.89515  0.495443 381.4 1
 0      70     0.0   0.335865  0.335865  0.3516  2.69608  0.165636  2.3997  2.89515  0.495443 381.4 0
 0      71     0.0   0.335865  0.335865  0.3516  2.69608  0.165636  2.3997  2.89515  0.495443 381.4 0
 0      71     0.0   0.335865  0.335865  0.3516  2.69608  0.165636  2.3997  2.89515  0.495443 381.4 0
 0      73     0.0   0.335865  0.335865  0.3516  2.69608  0.165636  2.3997  2.89515  0.495443 381.4 0
 0      73     0.0   0.337089  0.337089  0.2422  2.69853  0.0741098  2.57769  2.77879  0.201094 310.387 0
 0      80     0.0   0.337089  0.337089  0.2422  2.69853  0.0741098  2.57769  2.77879  0.201094 310.387 1
 0      80     0.0   0.337089  0.337089  0.2422  2.69853  0.0741098  2.57769  2.77879  0.201094 310.387 0
 0      83     0.0   0.337089  0.337089  0.2422  2.69853  0.0741098  2.57769  2.77879  0.201094 310.387 0
 0      83     0.0   0.337089  0.337089  0.2422  2.69853  0.0741098  2.57769  2.77879  0.201094 310.387 0
 0      88     0.0   0.337089  0.337089  0.2422  2.69853  0.0741098  2.57769  2.77879  0.201094 310.387 2
 0      88     0.0   0.337089  0.337089  0.2422  2.69853  0.0741098  2.57769  2.77879  0.201094 310.387 0
 0      93     0.0   0.337089  0.337089  0.2422  2.69853  0.0741098  2.57769  2.77879  0.201094 310.387 3
 0      93     0.0   0.337089  0.337089  0.2422  2.69853  0.0741098  2.57769  2.77879  0.201094 310.387 0
 0      94     0.0   0.337089  0.337089  0.2422  2.69853  0.0741098  2.57769  2.77879  0.201094 310.387 0
 0      94     0.0   0.337089  0.337089  0.2422  2.69853  0.0741098  2.57769  2.77879  0.201094 310.387 0
 0      96     0.0   0.337089  0.337089  0.2422  2.69853  0.0741098  2.57769  2.77879  0.201094 310.387 0
 0      96     0.0   0.352442  0.352442  0.3613  2.82005  0.0404676  2.74937  2.86614  0.116768 302.2 0
 0      98     0.0   0.352442  0.352442  0.3613  2.82005  0.0404676  2.74937  2.86614  0.116768 302.2 1
 0      98     0.0   0.352442  0.352442  0.3613  2.82005  0.0404676  2.74937  2.86614  0.116768 302.2 0
 0     101     0.0   0.352442  0.352442  0.3613  2.82005  0.0404676  2.74937  2.86614  0.116768 302.2 0
 0     101     0.0   0.352442  0.352442  0.3613  2.82005  0.0404676  2.74937  2.86614  0.116768 302.2 0
 1     104     0.0   0.352442  0.352442  0.3613  2.82005  0.0404676  2.74937  2.86614  0.116768 302.2 1
 1     104     0.0   0.352442  0.352442  0.3613  2.82005  0.0404676  2.74937  2.86614  0.116768 302.2 0
 1     106     0.0   0.352442  0.352442  0.3613  2.82005  0.0404676  2.74937  2.86614  0.116768 302.2 1
 1     106     0.0   0.352442  0.352442  0.3613  2.82005  0.0404676  2.74937  2.86614  0.116768 302.2 0
 1     110     0.0   0.352442  0.352442  0.3613  2.82005  0.0404676  2.74937  2.86614  0.116768 302.2 3
 1     110     0.0   0.352442  0.352442  0.3613  2.82005  0.0404676  2.74937  2.86614  0.116768 302.2 0
 1     111     0.0   0.352442  0.352442  0.3613  2.82005  0.0404676  2.74937  2.86614  0.116768 302.2 0
 1     111     0.0   0.352442  0.352442  0.3613  2.82005  0.0404676  2.74937  2.86614  0.116768 302.2 0
 1     116     0.0   0.352442  0.352442  0.3613  2.82005  0.0404676  2.74937  2.86614  0.116768 302.2 2
 1     116     0.0   0.352442  0.352442  0.3613  2.82005  0.0404676  2.74937  2.86614  0.116768 302.2 0
 1     119     0.0   0.352442  0.352442  0.3613  2.82005  0.0404676  2.74937  2.86614  0.116768 302.2 1
 1     119     0.0   0.352442  0.352442  0.3613  2.82005  0.0404676  2.74937  2.86614  0.116768 302.2 0
 1     120     0.0   0.352442  0.352442  0.3613  2.82005  0.0404676  2.74937  2.86614  0.116768 302.2 0
 1     120     0.0   0.352442  0.352442  0.3613  2.82005  0.0404676  2.74937  2.86614  0.116768 302.2 0
 1     123     0.0   0.352442  0.352442  0.3613  2.82005  0.0404676  2.74937  2.86614  0.116768 302.2 1
 1     123     0.0   0.352442  0.352442  0.3613  2.82005  0.0404676  2.74937  2.86614  0.116768 302.2 0
 1     124     0.0   0.352442  0.352442  0.3613  2.82005  0.0404676  2.74937  2.86614  0.116768 302.2 0
 1     124     0.0   0.352442  0.352442  0.3613  2.82005  0.0404676  2.74937  2.86614  0.116768 302.2 0
 1     134     0.0   0.352442  0.352442  0.3613  2.82005  0.0404676  2.74937  2.86614  0.116768 302.2 5
 1     134     0.0   0.352442  0.352442  0.3613  2.82005  0.0404676  2.74937  2.86614  0.116768 302.2 0
 1     135     0.0   0.352442  0.352442  0.3613  2.82005  0.0404676  2.74937  2.86614  0.116768 302.2 0
 1     135     0.0   0.352442  0.352442  0.3613  2.82005  0.0404676  2.74937  2.86614  0.116768 302.2 0
 1     139     0.0   0.352442  0.352442  0.3613  2.82005  0.0404676  2.74937  2.86614  0.116768 302.2 2
 1     139     0.0   0.352442  0.352442  0.3613  2.82005  0.0404676  2.74937  2.86614  0.116768 302.2 0
 1     146     0.0   0.352442  0.352442  0.3613  2.82005  0.0404676  2.74937  2.86614  0.116768 302.2 4
 1     146     0.0   0.352442  0.352442  0.3613  2.82005  0.0404676  2.74937  2.86614  0.116768 302.2 0
 1     151     0.0   0.352442  0.352442  0.3613  2.82005  0.0404676  2.74937  2.86614  0.116768 302.2 3
 1     151     0.0   0.352442  0.352442  0.3613  2.82005  0.0404676  2.74937  2.86614  0.116768 302.2 0
 1     161     0.0   0.352442  0.352442  0.3613  2.82005  0.0404676  2.74937  2.86614  0.116768 302.2 8
 1     161     0.0   0.352442  0.352442  0.3613  2.82005  0.0404676  2.74937  2.86614  0.116768 302.2 0
 1     163     0.0   0.352442  0.352442  0.3613  2.82005  0.0404676  2.74937  2.86614  0.116768 302.2 1
 1     163     0.0   0.352442  0.352442  0.3613  2.82005  0.0404676  2.74937  2.86614  0.116768 302.2 0
 1     168     0.0   0.352442  0.352442  0.3613  2.82005  0.0404676  2.74937  2.86614  0.116768 302.2 2
 1     168     0.0   0.352442  0.352442  0.3613  2.82005  0.0404676  2.74937  2.86614  0.116768 302.2 0
 1     172     0.0   0.352442  0.352442  0.3613  2.82005  0.0404676  2.74937  2.86614  0.116768 302.2 1
 1     172     0.0   0.352442  0.352442  0.3613  2.82005  0.0404676  2.74937  2.86614  0.116768 302.2 0
 1     174     0.0   0.352442  0.352442  0.3613  2.82005  0.0404676  2.74937  2.86614  0.116768 302.2 1
 1     174     0.0   0.352442  0.352442  0.3613  2.82005  0.0404676  2.74937  2.86614  0.116768 302.2 0
 1     175     0.0   0.352442  0.352442  0.3613  2.82005  0.0404676  2.74937  2.86614  0.116768 302.2 0
 1     175     0.0   0.352442  0.352442  0.3613  2.82005  0.0404676  2.74937  2.86614  0.116768 302.2 0
 1     181     0.0   0.352442  0.352442  0.3613  2.82005  0.0404676  2.74937  2.86614  0.116768 302.2 3
 1     181     0.0   0.352442  0.352442  0.3613  2.82005  0.0404676  2.74937  2.86614  0.116768 302.2 0
 1     182     0.0   0.352442  0.352442  0.3613  2.82005  0.0404676  2.74937  2.86614  0.116768 302.2 0
 1     182     0.0   0.352442  0.352442  0.3613  2.82005  0.0404676  2.74937  2.86614  0.116768 302.2 0
 1     184     0.0   0.352442  0.352442  0.3613  2.82005  0.0404676  2.74937  2.86614  0.116768 302.2 1
 1     184     0.0   0.352442  0.352442  0.3613  2.82005  0.0404676  2.74937  2.86614  0.116768 302.2 0
 1     195     0.0   0.352442  0.352442  0.3613  2.82005  0.0404676  2.74937  2.86614  0.116768 302.2 6
 1     195     0.0   0.352442  0.352442  0.3613  2.82005  0.0404676  2.74937  2.86614  0.116768 302.2 0
 2     213     0.0   0.352442  0.352442  0.3613  2.82005  0.0404676  2.74937  2.86614  0.116768 302.2 9
 2     213     0.0   0.352442  0.352442  0.3613  2.82005  0.0404676  2.74937  2.86614  0.116768 302.2 0
 2     218     0.0   0.352442  0.352442  0.3613  2.82005  0.0404676  2.74937  2.86614  0.116768 302.2 4
 2     218     0.0   0.352442  0.352442  0.3613  2.82005  0.0404676  2.74937  2.86614  0.116768 302.2 0
 2     220     0.0   0.352442  0.352442  0.3613  2.82005  0.0404676  2.74937  2.86614  0.116768 302.2 1
 2     220     0.0   0.352442  0.352442  0.3613  2.82005  0.0404676  2.74937  2.86614  0.116768 302.2 0
 2     228     0.0   0.352442  0.352442  0.3613  2.82005  0.0404676  2.74937  2.86614  0.116768 302.2 4
 2     228     0.0   0.352442  0.352442  0.3613  2.82005  0.0404676  2.74937  2.86614  0.116768 302.2 0
 2     236     0.0   0.352442  0.352442  0.3613  2.82005  0.0404676  2.74937  2.86614  0.116768 302.2 5
 2     236     0.0   0.352442  0.352442  0.3613  2.82005  0.0404676  2.74937  2.86614  0.116768 302.2 0
 2     248     0.0   0.352442  0.352442  0.3613  2.82005  0.0404676  2.74937  2.86614  0.116768 302.2 5
 2     248     0.0   0.352442  0.352442  0.3613  2.82005  0.0404676  2.74937  2.86614  0.116768 302.2 0
 2     255     0.0   0.352442  0.352442  0.3613  2.82005  0.0404676  2.74937  2.86614  0.116768 302.2 6
 2     255     0.0   0.352442  0.352442  0.3613  2.82005  0.0404676  2.74937  2.86614  0.116768 302.2 0
 2     267     0.0   0.352442  0.352442  0.3613  2.82005  0.0404676  2.74937  2.86614  0.116768 302.2 5
 2     267     0.0   0.352442  0.352442  0.3613  2.82005  0.0404676  2.74937  2.86614  0.116768 302.2 0
 2     269     0.0   0.352442  0.352442  0.3613  2.82005  0.0404676  2.74937  2.86614  0.116768 302.2 0
 2     269     0.0   0.352442  0.352442  0.3613  2.82005  0.0404676  2.74937  2.86614  0.116768 302.2 0
 2     273     0.0   0.352442  0.352442  0.3613  2.82005  0.0404676  2.74937  2.86614  0.116768 302.2 2
 2     273     0.0   0.352442  0.352442  0.3613  2.82005  0.0404676  2.74937  2.86614  0.116768 302.2 0
 2     283     0.0   0.352442  0.352442  0.3613  2.82005  0.0404676  2.74937  2.86614  0.116768 302.2 5
 2     283     0.0   0.352442  0.352442  0.3613  2.82005  0.0404676  2.74937  2.86614  0.116768 302.2 0
 2     286     0.0   0.352442  0.352442  0.3613  2.82005  0.0404676  2.74937  2.86614  0.116768 302.2 1
 2     286     0.0   0.352442  0.352442  0.3613  2.82005  0.0404676  2.74937  2.86614  0.116768 302.2 0
 2     297     0.0   0.352442  0.352442  0.3613  2.82005  0.0404676  2.74937  2.86614  0.116768 302.2 8
 2     297     0.0   0.352442  0.352442  0.3613  2.82005  0.0404676  2.74937  2.86614  0.116768 302.2 0
 3     312     0.0   0.352442  0.352442  0.3613  2.82005  0.0404676  2.74937  2.86614  0.116768 302.2 6
 3     312     0.0   0.352442  0.352442  0.3613  2.82005  0.0404676  2.74937  2.86614  0.116768 302.2 0
 3     319     0.0   0.352442  0.352442  0.3613  2.82005  0.0404676  2.74937  2.86614  0.116768 302.2 4
 3     319     0.0   0.352442  0.352442  0.3613  2.82005  0.0404676  2.74937  2.86614  0.116768 302.2 0
 3     328     0.0   0.352442  0.352442  0.3613  2.82005  0.0404676  2.74937  2.86614  0.116768 302.2 4
 3     328     0.0   0.352442  0.352442  0.3613  2.82005  0.0404676  2.74937  2.86614  0.116768 302.2 0
 3     358     0.0   0.352442  0.352442  0.3613  2.82005  0.0404676  2.74937  2.86614  0.116768 302.2 15
 3     358     0.0   0.352442  0.352442  0.3613  2.82005  0.0404676  2.74937  2.86614  0.116768 302.2 0
 3     362     0.0   0.352442  0.352442  0.3613  2.82005  0.0404676  2.74937  2.86614  0.116768 302.2 2
 3     362     0.0   0.352442  0.352442  0.3613  2.82005  0.0404676  2.74937  2.86614  0.116768 302.2 0
 3     365     0.0   0.352442  0.352442  0.3613  2.82005  0.0404676  2.74937  2.86614  0.116768 302.2 1
 3     365     0.0   0.352442  0.352442  0.3613  2.82005  0.0404676  2.74937  2.86614  0.116768 302.2 0
 3     371     0.0   0.352442  0.352442  0.3613  2.82005  0.0404676  2.74937  2.86614  0.116768 302.2 1
 3     371     0.0   0.352442  0.352442  0.3613  2.82005  0.0404676  2.74937  2.86614  0.116768 302.2 0
 3     378     0.0   0.352442  0.352442  0.3613  2.82005  0.0404676  2.74937  2.86614  0.116768 302.2 2
 3     378     0.0   0.352442  0.352442  0.3613  2.82005  0.0404676  2.74937  2.86614  0.116768 302.2 0
 3     387     0.0   0.352442  0.352442  0.3613  2.82005  0.0404676  2.74937  2.86614  0.116768 302.2 6
 3     387     0.0   0.352442  0.352442  0.3613  2.82005  0.0404676  2.74937  2.86614  0.116768 302.2 0
 3     389     0.0   0.352442  0.352442  0.3613  2.82005  0.0404676  2.74937  2.86614  0.116768 302.2 1
 3     389     0.0   0.352442  0.352442  0.3613  2.82005  0.0404676  2.74937  2.86614  0.116768 302.2 0
 3     395     0.0   0.352442  0.352442  0.3613  2.82005  0.0404676  2.74937  2.86614  0.116768 302.2 1
 3     395     0.0   0.352442  0.352442  0.3613  2.82005  0.0404676  2.74937  2.86614  0.116768 302.2 0
 4     402     0.0   0.352442  0.352442  0.3613  2.82005  0.0404676  2.74937  2.86614  0.116768 302.2 3
 4     402     0.0   0.352442  0.352442  0.3613  2.82005  0.0404676  2.74937  2.86614  0.116768 302.2 0
 4     403     0.0   0.352442  0.352442  0.3613  2.82005  0.0404676  2.74937  2.86614  0.116768 302.2 0
 4     403     0.0   0.352442  0.352442  0.3613  2.82005  0.0404676  2.74937  2.86614  0.116768 302.2 0
 4     417     0.0   0.352442  0.352442  0.3613  2.82005  0.0404676  2.74937  2.86614  0.116768 302.2 11
 4     417     0.0   0.352442  0.352442  0.3613  2.82005  0.0404676  2.74937  2.86614  0.116768 302.2 0
 4     427     0.0   0.352442  0.352442  0.3613  2.82005  0.0404676  2.74937  2.86614  0.116768 302.2 4
 4     427     0.0   0.352442  0.352442  0.3613  2.82005  0.0404676  2.74937  2.86614  0.116768 302.2 0
 4     453     0.0   0.352442  0.352442  0.3613  2.82005  0.0404676  2.74937  2.86614  0.116768 302.2 20
 4     453     0.0   0.352442  0.352442  0.3613  2.82005  0.0404676  2.74937  2.86614  0.116768 302.2 0
 4     468     0.0   0.352442  0.352442  0.3613  2.82005  0.0404676  2.74937  2.86614  0.116768 302.2 9
 4     468     0.0   0.352442  0.352442  0.3613  2.82005  0.0404676  2.74937  2.86614  0.116768 302.2 0
 4     493     0.0   0.352442  0.352442  0.3613  2.82005  0.0404676  2.74937  2.86614  0.116768 302.2 14
 4     493     0.0   0.352442  0.352442  0.3613  2.82005  0.0404676  2.74937  2.86614  0.116768 302.2 0
 5     553     0.0   0.352442  0.352442  0.3613  2.82005  0.0404676  2.74937  2.86614  0.116768 302.2 42
 5     553     0.0   0.352442  0.352442  0.3613  2.82005  0.0404676  2.74937  2.86614  0.116768 302.2 0
 5     558     0.0   0.352442  0.352442  0.3613  2.82005  0.0404676  2.74937  2.86614  0.116768 302.2 3
 5     558     0.0   0.357139  0.357139  0.3301  2.85776  0.0461259  2.7946  2.9363  0.141706 309.08 0
 5     559     0.0   0.357139  0.357139  0.3301  2.85776  0.0461259  2.7946  2.9363  0.141706 309.08 0
 5     559     0.0   0.357139  0.357139  0.3301  2.85776  0.0461259  2.7946  2.9363  0.141706 309.08 0
 5     566     0.0   0.357139  0.357139  0.3301  2.85776  0.0461259  2.7946  2.9363  0.141706 309.08 3
 5     566     0.0   0.357139  0.357139  0.3301  2.85776  0.0461259  2.7946  2.9363  0.141706 309.08 0
 5     583     0.0   0.357139  0.357139  0.3301  2.85776  0.0461259  2.7946  2.9363  0.141706 309.08 13
 5     583     0.0   0.357139  0.357139  0.3301  2.85776  0.0461259  2.7946  2.9363  0.141706 309.08 0
 5     594     0.0   0.357139  0.357139  0.3301  2.85776  0.0461259  2.7946  2.9363  0.141706 309.08 5
 5     594     0.0   0.357139  0.357139  0.3301  2.85776  0.0461259  2.7946  2.9363  0.141706 309.08 0
 6     621     0.0   0.357139  0.357139  0.3301  2.85776  0.0461259  2.7946  2.9363  0.141706 309.08 14
 6     621     0.0   0.357139  0.357139  0.3301  2.85776  0.0461259  2.7946  2.9363  0.141706 309.08 0
 6     622     0.0   0.357139  0.357139  0.3301  2.85776  0.0461259  2.7946  2.9363  0.141706 309.08 0
 6     622     0.0   0.357139  0.357139  0.3301  2.85776  0.0461259  2.7946  2.9363  0.141706 309.08 0
 6     636     0.0   0.357139  0.357139  0.3301  2.85776  0.0461259  2.7946  2.9363  0.141706 309.08 6
 6     636     0.0   0.357139  0.357139  0.3301  2.85776  0.0461259  2.7946  2.9363  0.141706 309.08 0
 6     650     0.0   0.357139  0.357139  0.3301  2.85776  0.0461259  2.7946  2.9363  0.141706 309.08 9
 6     650     0.0   0.357139  0.357139  0.3301  2.85776  0.0461259  2.7946  2.9363  0.141706 309.08 0
 6     661     0.0   0.357139  0.357139  0.3301  2.85776  0.0461259  2.7946  2.9363  0.141706 309.08 8
 6     661     0.0   0.357139  0.357139  0.3301  2.85776  0.0461259  2.7946  2.9363  0.141706 309.08 0
 6     701     0.0   0.357139  0.357139  0.3301  2.85776  0.0461259  2.7946  2.9363  0.141706 309.08 20
 6     701     0.0   0.357139  0.357139  0.3301  2.85776  0.0461259  2.7946  2.9363  0.141706 309.08 0
 7     714     0.0   0.357139  0.357139  0.3301  2.85776  0.0461259  2.7946  2.9363  0.141706 309.08 8
 7     714     0.0   0.357139  0.357139  0.3301  2.85776  0.0461259  2.7946  2.9363  0.141706 309.08 0
 7     721     0.0   0.357139  0.357139  0.3301  2.85776  0.0461259  2.7946  2.9363  0.141706 309.08 3
 7     721     0.0   0.357139  0.357139  0.3301  2.85776  0.0461259  2.7946  2.9363  0.141706 309.08 0
 7     736     0.0   0.357139  0.357139  0.3301  2.85776  0.0461259  2.7946  2.9363  0.141706 309.08 11
 7     736     0.0   0.357139  0.357139  0.3301  2.85776  0.0461259  2.7946  2.9363  0.141706 309.08 0
 7     757     0.0   0.357139  0.357139  0.3301  2.85776  0.0461259  2.7946  2.9363  0.141706 309.08 10
 7     757     0.0   0.357139  0.357139  0.3301  2.85776  0.0461259  2.7946  2.9363  0.141706 309.08 0
 7     784     0.0   0.357139  0.357139  0.3301  2.85776  0.0461259  2.7946  2.9363  0.141706 309.08 18
 7     784     0.0   0.357139  0.357139  0.3301  2.85776  0.0461259  2.7946  2.9363  0.141706 309.08 0
 8     848     0.0   0.357139  0.357139  0.3301  2.85776  0.0461259  2.7946  2.9363  0.141706 309.08 39
 8     848     0.0   0.357139  0.357139  0.3301  2.85776  0.0461259  2.7946  2.9363  0.141706 309.08 0
 9     903     0.0   0.357139  0.357139  0.3301  2.85776  0.0461259  2.7946  2.9363  0.141706 309.08 32
 9     903     0.0   0.357139  0.357139  0.3301  2.85776  0.0461259  2.7946  2.9363  0.141706 309.08 0
 9     930     0.0   0.357139  0.357139  0.3301  2.85776  0.0461259  2.7946  2.9363  0.141706 309.08 12
 9     930     0.0   0.357139  0.357139  0.3301  2.85776  0.0461259  2.7946  2.9363  0.141706 309.08 0
 9     959     0.0   0.357139  0.357139  0.3301  2.85776  0.0461259  2.7946  2.9363  0.141706 309.08 18
 9     959     0.0   0.357139  0.357139  0.3301  2.85776  0.0461259  2.7946  2.9363  0.141706 309.08 0
 9     997     0.0   0.357139  0.357139  0.3301  2.85776  0.0461259  2.7946  2.9363  0.141706 309.08 26
 9     997     0.0   0.357139  0.357139  0.3301  2.85776  0.0461259  2.7946  2.9363  0.141706 309.08 0
10    1041     0.0   0.357139  0.357139  0.3301  2.85776  0.0461259  2.7946  2.9363  0.141706 309.08 26
10    1041     0.0   0.357139  0.357139  0.3301  2.85776  0.0461259  2.7946  2.9363  0.141706 309.08 0
11    1101     0.0   0.357139  0.357139  0.3301  2.85776  0.0461259  2.7946  2.9363  0.141706 309.08 33
11    1156     0.0   0.357139  0.357139  0.3301  2.85776  0.0461259  2.7946  2.9363  0.141706 309.08 69
11    1156     0.0   0.357139  0.357139  0.3301  2.85776  0.0461259  2.7946  2.9363  0.141706 309.08 0
11    1175     0.0   0.357139  0.357139  0.3301  2.85776  0.0461259  2.7946  2.9363  0.141706 309.08 6
11    1175     0.0   0.357139  0.357139  0.3301  2.85776  0.0461259  2.7946  2.9363  0.141706 309.08 0
11    1188     0.0   0.357139  0.357139  0.3301  2.85776  0.0461259  2.7946  2.9363  0.141706 309.08 9
11    1188     0.0   0.357139  0.357139  0.3301  2.85776  0.0461259  2.7946  2.9363  0.141706 309.08 0
11    1197     0.0   0.357139  0.357139  0.3301  2.85776  0.0461259  2.7946  2.9363  0.141706 309.08 6
11    1197     0.0   0.357139  0.357139  0.3301  2.85776  0.0461259  2.7946  2.9363  0.141706 309.08 0
12    1217     0.0   0.357139  0.357139  0.3301  2.85776  0.0461259  2.7946  2.9363  0.141706 309.08 15
12    1217     0.0   0.357139  0.357139  0.3301  2.85776  0.0461259  2.7946  2.9363  0.141706 309.08 0
12    1272     0.0   0.357139  0.357139  0.3301  2.85776  0.0461259  2.7946  2.9363  0.141706 309.08 33
12    1272     0.0   0.357139  0.357139  0.3301  2.85776  0.0461259  2.7946  2.9363  0.141706 309.08 0
12    1281     0.0   0.357139  0.357139  0.3301  2.85776  0.0461259  2.7946  2.9363  0.141706 309.08 5
12    1281     0.0   0.357139  0.357139  0.3301  2.85776  0.0461259  2.7946  2.9363  0.141706 309.08 0
13    1367     0.0   0.357139  0.357139  0.3301  2.85776  0.0461259  2.7946  2.9363  0.141706 309.08 56
13    1367     0.0   0.357139  0.357139  0.3301  2.85776  0.0461259  2.7946  2.9363  0.141706 309.08 0
14    1436     0.0   0.357139  0.357139  0.3301  2.85776  0.0461259  2.7946  2.9363  0.141706 309.08 42
14    1436     0.0   0.357139  0.357139  0.3301  2.85776  0.0461259  2.7946  2.9363  0.141706 309.08 0
14    1497     0.0   0.357139  0.357139  0.3301  2.85776  0.0461259  2.7946  2.9363  0.141706 309.08 39
14    1497     0.0   0.357139  0.357139  0.3301  2.85776  0.0461259  2.7946  2.9363  0.141706 309.08 0
16    1629     0.0   0.357139  0.357139  0.3301  2.85776  0.0461259  2.7946  2.9363  0.141706 309.08 82
16    1629     0.0   0.357139  0.357139  0.3301  2.85776  0.0461259  2.7946  2.9363  0.141706 309.08 0
16    1642     0.0   0.357139  0.357139  0.3301  2.85776  0.0461259  2.7946  2.9363  0.141706 309.08 9
16    1642     0.0   0.357139  0.357139  0.3301  2.85776  0.0461259  2.7946  2.9363  0.141706 309.08 0
16    1653     0.0   0.357139  0.357139  0.3301  2.85776  0.0461259  2.7946  2.9363  0.141706 309.08 7
16    1653     0.0   0.357139  0.357139  0.3301  2.85776  0.0461259  2.7946  2.9363  0.141706 309.08 0
16    1666     0.0   0.357139  0.357139  0.3301  2.85776  0.0461259  2.7946  2.9363  0.141706 309.08 8
16    1666     0.0   0.357139  0.357139  0.3301  2.85776  0.0461259  2.7946  2.9363  0.141706 309.08 0
17    1704     0.0   0.357139  0.357139  0.3301  2.85776  0.0461259  2.7946  2.9363  0.141706 309.08 23
17    1704     0.0   0.357139  0.357139  0.3301  2.85776  0.0461259  2.7946  2.9363  0.141706 309.08 0
17    1712     0.0   0.357139  0.357139  0.3301  2.85776  0.0461259  2.7946  2.9363  0.141706 309.08 4
17    1712     0.0   0.357139  0.357139  0.3301  2.85776  0.0461259  2.7946  2.9363  0.141706 309.08 0
18    1805     0.0   0.357139  0.357139  0.3301  2.85776  0.0461259  2.7946  2.9363  0.141706 309.08 57
18    1805     0.0   0.357139  0.357139  0.3301  2.85776  0.0461259  2.7946  2.9363  0.141706 309.08 0
21    2137     0.0   0.357139  0.357139  0.3301  2.85776  0.0461259  2.7946  2.9363  0.141706 309.08 219
21    2137     0.0   0.357139  0.357139  0.3301  2.85776  0.0461259  2.7946  2.9363  0.141706 309.08 0
22    2200     0.0   0.357139  0.357139  0.3301  2.85776  0.0461259  2.7946  2.9363  0.141706 309.08 48
22    2236     0.0   0.357139  0.357139  0.3301  2.85776  0.0461259  2.7946  2.9363  0.141706 309.08 68
22    2236     0.0   0.357139  0.357139  0.3301  2.85776  0.0461259  2.7946  2.9363  0.141706 309.08 0
23    2339     0.0   0.357139  0.357139  0.3301  2.85776  0.0461259  2.7946  2.9363  0.141706 309.08 73
23    2339     0.0   0.357139  0.357139  0.3301  2.85776  0.0461259  2.7946  2.9363  0.141706 309.08 0
23    2342     0.0   0.357139  0.357139  0.3301  2.85776  0.0461259  2.7946  2.9363  0.141706 309.08 2
23    2342     0.0   0.357139  0.357139  0.3301  2.85776  0.0461259  2.7946  2.9363  0.141706 309.08 0
24    2448     0.0   0.357139  0.357139  0.3301  2.85776  0.0461259  2.7946  2.9363  0.141706 309.08 64
24    2448     0.0   0.357139  0.357139  0.3301  2.85776  0.0461259  2.7946  2.9363  0.141706 309.08 0
24    2452     0.0   0.357139  0.357139  0.3301  2.85776  0.0461259  2.7946  2.9363  0.141706 309.08 2
24    2452     0.0   0.357139  0.357139  0.3301  2.85776  0.0461259  2.7946  2.9363  0.141706 309.08 0
26    2695     0.0   0.357139  0.357139  0.3301  2.85776  0.0461259  2.7946  2.9363  0.141706 309.08 135
26    2695     0.0   0.357139  0.357139  0.3301  2.85776  0.0461259  2.7946  2.9363  0.141706 309.08 0
28    2845     0.0   0.357139  0.357139  0.3301  2.85776  0.0461259  2.7946  2.9363  0.141706 309.08 109
28    2845     0.0   0.357139  0.357139  0.3301  2.85776  0.0461259  2.7946  2.9363  0.141706 309.08 0
29    2993     0.0   0.357139  0.357139  0.3301  2.85776  0.0461259  2.7946  2.9363  0.141706 309.08 100
29    2993     0.0   0.357139  0.357139  0.3301  2.85776  0.0461259  2.7946  2.9363  0.141706 309.08 0
33    3300     0.0   0.357139  0.357139  0.3301  2.85776  0.0461259  2.7946  2.9363  0.141706 309.08 194
33    3306     0.0   0.357139  0.357139  0.3301  2.85776  0.0461259  2.7946  2.9363  0.141706 309.08 195
33    3306     0.0   0.357139  0.357139  0.3301  2.85776  0.0461259  2.7946  2.9363  0.141706 309.08 0
35    3571     0.0   0.357139  0.357139  0.3301  2.85776  0.0461259  2.7946  2.9363  0.141706 309.08 177
35    3571     0.0   0.357139  0.357139  0.3301  2.85776  0.0461259  2.7946  2.9363  0.141706 309.08 0
36    3641     0.0   0.357139  0.357139  0.3301  2.85776  0.0461259  2.7946  2.9363  0.141706 309.08 40
36    3641     0.0   0.357139  0.357139  0.3301  2.85776  0.0461259  2.7946  2.9363  0.141706 309.08 0
38    3874     0.0   0.357139  0.357139  0.3301  2.85776  0.0461259  2.7946  2.9363  0.141706 309.08 143
38    3874     0.0   0.357139  0.357139  0.3301  2.85776  0.0461259  2.7946  2.9363  0.141706 309.08 0
38    3888     0.0   0.357139  0.357139  0.3301  2.85776  0.0461259  2.7946  2.9363  0.141706 309.08 10
38    3888     0.0   0.357139  0.357139  0.3301  2.85776  0.0461259  2.7946  2.9363  0.141706 309.08 0
40    4065     0.0   0.357139  0.357139  0.3301  2.85776  0.0461259  2.7946  2.9363  0.141706 309.08 103
40    4065     0.0   0.357139  0.357139  0.3301  2.85776  0.0461259  2.7946  2.9363  0.141706 309.08 0
41    4105     0.0   0.357139  0.357139  0.3301  2.85776  0.0461259  2.7946  2.9363  0.141706 309.08 21
41    4105     0.0   0.357139  0.357139  0.3301  2.85776  0.0461259  2.7946  2.9363  0.141706 309.08 0
42    4232     0.0   0.357139  0.357139  0.3301  2.85776  0.0461259  2.7946  2.9363  0.141706 309.08 86
42    4232     0.0   0.357139  0.357139  0.3301  2.85776  0.0461259  2.7946  2.9363  0.141706 309.08 0
44    4400     0.0   0.357139  0.357139  0.3301  2.85776  0.0461259  2.7946  2.9363  0.141706 309.08 117
44    4441     0.0   0.357139  0.357139  0.3301  2.85776  0.0461259  2.7946  2.9363  0.141706 309.08 146
44    4441     0.0   0.357139  0.357139  0.3301  2.85776  0.0461259  2.7946  2.9363  0.141706 309.08 0
44    4479     0.0   0.357139  0.357139  0.3301  2.85776  0.0461259  2.7946  2.9363  0.141706 309.08 26
44    4479     0.0   0.357139  0.357139  0.3301  2.85776  0.0461259  2.7946  2.9363  0.141706 309.08 0
47    4706     0.0   0.357139  0.357139  0.3301  2.85776  0.0461259  2.7946  2.9363  0.141706 309.08 151
47    4706     0.0   0.357139  0.357139  0.3301  2.85776  0.0461259  2.7946  2.9363  0.141706 309.08 0
49    4925     0.0   0.357139  0.357139  0.3301  2.85776  0.0461259  2.7946  2.9363  0.141706 309.08 146
49    4925     0.0   0.357139  0.357139  0.3301  2.85776  0.0461259  2.7946  2.9363  0.141706 309.08 0
50    5063     0.0   0.357139  0.357139  0.3301  2.85776  0.0461259  2.7946  2.9363  0.141706 309.08 90
50    5063     0.0   0.357255  0.357255  0.4766  2.86158  0.104766  2.62703  2.96863  0.341602 336.68 0
53    5399     0.0   0.357255  0.357255  0.4766  2.86158  0.104766  2.62703  2.96863  0.341602 336.68 220
53    5399     0.0   0.357255  0.357255  0.4766  2.86158  0.104766  2.62703  2.96863  0.341602 336.68 0
54    5488     0.0   0.357255  0.357255  0.4766  2.86158  0.104766  2.62703  2.96863  0.341602 336.68 49
54    5488     0.0   0.357255  0.357255  0.4766  2.86158  0.104766  2.62703  2.96863  0.341602 336.68 0
55    5501     0.0   0.357255  0.357255  0.4766  2.86158  0.104766  2.62703  2.96863  0.341602 336.68 7
55    5508     0.0   0.357255  0.357255  0.4766  2.86158  0.104766  2.62703  2.96863  0.341602 336.68 12
55    5508     0.0   0.357255  0.357255  0.4766  2.86158  0.104766  2.62703  2.96863  0.341602 336.68 0
57    5777     0.1   0.357255  0.357255  0.4766  2.86158  0.104766  2.62703  2.96863  0.341602 336.68 173
57    5777     0.1   0.357255  0.357255  0.4766  2.86158  0.104766  2.62703  2.96863  0.341602 336.68 0
59    5926     0.1   0.357255  0.357255  0.4766  2.86158  0.104766  2.62703  2.96863  0.341602 336.68 100
59    5926     0.1   0.357255  0.357255  0.4766  2.86158  0.104766  2.62703  2.96863  0.341602 336.68 0
59    5952     0.1   0.357255  0.357255  0.4766  2.86158  0.104766  2.62703  2.96863  0.341602 336.68 14
59    5952     0.1   0.357255  0.357255  0.4766  2.86158  0.104766  2.62703  2.96863  0.341602 336.68 0
60    6073     0.1   0.357255  0.357255  0.4766  2.86158  0.104766  2.62703  2.96863  0.341602 336.68 73
60    6073     0.1   0.357255  0.357255  0.4766  2.86158  0.104766  2.62703  2.96863  0.341602 336.68 0
62    6209     0.1   0.357255  0.357255  0.4766  2.86158  0.104766  2.62703  2.96863  0.341602 336.68 81
62    6209     0.1   0.357255  0.357255  0.4766  2.86158  0.104766  2.62703  2.96863  0.341602 336.68 0
62    6296     0.1   0.357255  0.357255  0.4766  2.86158  0.104766  2.62703  2.96863  0.341602 336.68 57
62    6296     0.1   0.357255  0.357255  0.4766  2.86158  0.104766  2.62703  2.96863  0.341602 336.68 0
66    6601     0.1   0.357255  0.357255  0.4766  2.86158  0.104766  2.62703  2.96863  0.341602 336.68 189
69    6935     0.1   0.357255  0.357255  0.4766  2.86158  0.104766  2.62703  2.96863  0.341602 336.68 406
69    6935     0.1   0.357255  0.357255  0.4766  2.86158  0.104766  2.62703  2.96863  0.341602 336.68 0
70    7002     0.1   0.357255  0.357255  0.4766  2.86158  0.104766  2.62703  2.96863  0.341602 336.68 39
70    7002     0.1   0.357255  0.357255  0.4766  2.86158  0.104766  2.62703  2.96863  0.341602 336.68 0
70    7041     0.1   0.357255  0.357255  0.4766  2.86158  0.104766  2.62703  2.96863  0.341602 336.68 28
70    7041     0.1   0.357255  0.357255  0.4766  2.86158  0.104766  2.62703  2.96863  0.341602 336.68 0
71    7139     0.1   0.357255  0.357255  0.4766  2.86158  0.104766  2.62703  2.96863  0.341602 336.68 60
71    7139     0.1   0.357255  0.357255  0.4766  2.86158  0.104766  2.62703  2.96863  0.341602 336.68 0
73    7372     0.1   0.357255  0.357255  0.4766  2.86158  0.104766  2.62703  2.96863  0.341602 336.68 150
73    7372     0.1   0.357255  0.357255  0.4766  2.86158  0.104766  2.62703  2.96863  0.341602 336.68 0
77    7700     0.1   0.357255  0.357255  0.4766  2.86158  0.104766  2.62703  2.96863  0.341602 336.68 221
79    7901     0.1   0.357255  0.357255  0.4766  2.86158  0.104766  2.62703  2.96863  0.341602 336.68 359
79    7901     0.1   0.357255  0.357255  0.4766  2.86158  0.104766  2.62703  2.96863  0.341602 336.68 0
82    8252     0.1   0.357255  0.357255  0.4766  2.86158  0.104766  2.62703  2.96863  0.341602 336.68 232
82    8252     0.1   0.359581  0.359581  0.3496  2.88037  0.109012  2.69119  3.00964  0.318448 335.213 0
85    8554     0.1   0.359581  0.359581  0.3496  2.88037  0.109012  2.69119  3.00964  0.318448 335.213 190
85    8554     0.1   0.359581  0.359581  0.3496  2.88037  0.109012  2.69119  3.00964  0.318448 335.213 0
87    8715     0.1   0.359581  0.359581  0.3496  2.88037  0.109012  2.69119  3.00964  0.318448 335.213 101
87    8715     0.1   0.361106  0.361106  0.2852  2.89251  0.111342  2.74957  3.11067  0.3611 380.227 0
88    8800     0.1   0.361106  0.361106  0.2852  2.89251  0.111342  2.74957  3.11067  0.3611 380.227 58
93    9344     0.1   0.361106  0.361106  0.2852  2.89251  0.111342  2.74957  3.11067  0.3611 380.227 405
93    9344     0.1   0.361106  0.361106  0.2852  2.89251  0.111342  2.74957  3.11067  0.3611 380.227 0
96    9623     0.1   0.361106  0.361106  0.2852  2.89251  0.111342  2.74957  3.11067  0.3611 380.227 185
96    9623     0.1   0.361106  0.361106  0.2852  2.89251  0.111342  2.74957  3.11067  0.3611 380.227 0
99    9900     0.1   0.361106  0.361106  0.2852  2.89251  0.111342  2.74957  3.11067  0.3611 380.227 177
99   10000     0.1   0.361106  0.361106  0.2852  2.89251  0.111342  2.74957  3.11067  0.3611 380.227 249
EndUpdateLog

Done
